{"C:\\Users\\andre\\Documents\\GitHub\\Imersão JavaScript\\projeto-conexao-2\\Agenda\\Agenda.js": {"path":"C:\\Users\\andre\\Documents\\GitHub\\Imersão JavaScript\\projeto-conexao-2\\Agenda\\Agenda.js","statementMap":{"0":{"start":{"line":2,"column":9},"end":{"line":58,"column":3}},"1":{"start":{"line":61,"column":24},"end":{"line":63,"column":5}},"2":{"start":{"line":62,"column":22},"end":{"line":62,"column":44}},"3":{"start":{"line":64,"column":4},"end":{"line":64,"column":23}},"4":{"start":{"line":68,"column":4},"end":{"line":68,"column":43}},"5":{"start":{"line":72,"column":4},"end":{"line":72,"column":48}},"6":{"start":{"line":77,"column":0},"end":{"line":77,"column":24}}},"fnMap":{"0":{"name":"(anonymous_0)","decl":{"start":{"line":60,"column":2},"end":{"line":60,"column":3}},"loc":{"start":{"line":60,"column":17},"end":{"line":65,"column":3}},"line":60},"1":{"name":"(anonymous_1)","decl":{"start":{"line":62,"column":6},"end":{"line":62,"column":7}},"loc":{"start":{"line":62,"column":22},"end":{"line":62,"column":44}},"line":62},"2":{"name":"(anonymous_2)","decl":{"start":{"line":67,"column":2},"end":{"line":67,"column":3}},"loc":{"start":{"line":67,"column":31},"end":{"line":69,"column":3}},"line":67},"3":{"name":"(anonymous_3)","decl":{"start":{"line":71,"column":2},"end":{"line":71,"column":3}},"loc":{"start":{"line":71,"column":42},"end":{"line":73,"column":3}},"line":71}},"branchMap":{},"s":{"0":17,"1":11,"2":15,"3":11,"4":7,"5":8,"6":4},"f":{"0":11,"1":15,"2":7,"3":8},"b":{},"_coverageSchema":"1a1c01bbd47fc00a2c39e90264f33305004495a9","hash":"7752824a2f61b7fab2d090d7f73a5af4e34fcf7c"}
,"C:\\Users\\andre\\Documents\\GitHub\\Imersão JavaScript\\projeto-conexao-2\\Consultas\\Consultas.js": {"path":"C:\\Users\\andre\\Documents\\GitHub\\Imersão JavaScript\\projeto-conexao-2\\Consultas\\Consultas.js","statementMap":{"0":{"start":{"line":2,"column":14},"end":{"line":2,"column":16}},"1":{"start":{"line":5,"column":28},"end":{"line":9,"column":5}},"2":{"start":{"line":10,"column":4},"end":{"line":10,"column":41}},"3":{"start":{"line":14,"column":29},"end":{"line":19,"column":5}},"4":{"start":{"line":16,"column":8},"end":{"line":18,"column":40}},"5":{"start":{"line":20,"column":4},"end":{"line":20,"column":28}},"6":{"start":{"line":24,"column":4},"end":{"line":24,"column":36}},"7":{"start":{"line":28,"column":0},"end":{"line":28,"column":27}}},"fnMap":{"0":{"name":"(anonymous_0)","decl":{"start":{"line":4,"column":2},"end":{"line":4,"column":3}},"loc":{"start":{"line":4,"column":38},"end":{"line":11,"column":3}},"line":4},"1":{"name":"(anonymous_1)","decl":{"start":{"line":13,"column":2},"end":{"line":13,"column":3}},"loc":{"start":{"line":13,"column":42},"end":{"line":21,"column":3}},"line":13},"2":{"name":"(anonymous_2)","decl":{"start":{"line":15,"column":6},"end":{"line":15,"column":7}},"loc":{"start":{"line":16,"column":8},"end":{"line":18,"column":40}},"line":16},"3":{"name":"(anonymous_3)","decl":{"start":{"line":23,"column":2},"end":{"line":23,"column":3}},"loc":{"start":{"line":23,"column":25},"end":{"line":25,"column":3}},"line":23}},"branchMap":{"0":{"loc":{"start":{"line":16,"column":8},"end":{"line":18,"column":40}},"type":"binary-expr","locations":[{"start":{"line":16,"column":8},"end":{"line":16,"column":30}},{"start":{"line":17,"column":8},"end":{"line":17,"column":38}},{"start":{"line":18,"column":8},"end":{"line":18,"column":40}}],"line":16}},"s":{"0":15,"1":8,"2":8,"3":4,"4":4,"5":4,"6":3,"7":4},"f":{"0":8,"1":4,"2":4,"3":3},"b":{"0":[4,3,3]},"_coverageSchema":"1a1c01bbd47fc00a2c39e90264f33305004495a9","hash":"33df915144ebad58a300db7480967cdbce8d7e80"}
,"C:\\Users\\andre\\Documents\\GitHub\\Imersão JavaScript\\projeto-conexao-2\\Paciente\\Paciente.js": {"path":"C:\\Users\\andre\\Documents\\GitHub\\Imersão JavaScript\\projeto-conexao-2\\Paciente\\Paciente.js","statementMap":{"0":{"start":{"line":1,"column":15},"end":{"line":1,"column":42}},"1":{"start":{"line":2,"column":18},"end":{"line":2,"column":51}},"2":{"start":{"line":10,"column":4},"end":{"line":10,"column":28}},"3":{"start":{"line":14,"column":4},"end":{"line":14,"column":32}},"4":{"start":{"line":18,"column":4},"end":{"line":18,"column":31}},"5":{"start":{"line":22,"column":4},"end":{"line":22,"column":34}},"6":{"start":{"line":26,"column":4},"end":{"line":26,"column":42}},"7":{"start":{"line":30,"column":4},"end":{"line":30,"column":40}},"8":{"start":{"line":44,"column":4},"end":{"line":51,"column":6}},"9":{"start":{"line":52,"column":4},"end":{"line":54,"column":5}},"10":{"start":{"line":53,"column":6},"end":{"line":53,"column":49}},"11":{"start":{"line":55,"column":4},"end":{"line":55,"column":34}},"12":{"start":{"line":56,"column":4},"end":{"line":56,"column":42}},"13":{"start":{"line":57,"column":4},"end":{"line":57,"column":40}},"14":{"start":{"line":58,"column":30},"end":{"line":58,"column":45}},"15":{"start":{"line":59,"column":4},"end":{"line":59,"column":39}},"16":{"start":{"line":60,"column":4},"end":{"line":60,"column":39}},"17":{"start":{"line":64,"column":29},"end":{"line":64,"column":83}},"18":{"start":{"line":65,"column":4},"end":{"line":69,"column":5}},"19":{"start":{"line":66,"column":6},"end":{"line":68,"column":8}},"20":{"start":{"line":70,"column":24},"end":{"line":72,"column":5}},"21":{"start":{"line":71,"column":15},"end":{"line":71,"column":32}},"22":{"start":{"line":73,"column":24},"end":{"line":73,"column":57}},"23":{"start":{"line":74,"column":4},"end":{"line":74,"column":71}},"24":{"start":{"line":75,"column":4},"end":{"line":75,"column":53}},"25":{"start":{"line":76,"column":4},"end":{"line":76,"column":45}},"26":{"start":{"line":80,"column":16},"end":{"line":80,"column":53}},"27":{"start":{"line":81,"column":4},"end":{"line":81,"column":45}},"28":{"start":{"line":85,"column":0},"end":{"line":85,"column":26}}},"fnMap":{"0":{"name":"(anonymous_0)","decl":{"start":{"line":9,"column":2},"end":{"line":9,"column":3}},"loc":{"start":{"line":9,"column":18},"end":{"line":11,"column":3}},"line":9},"1":{"name":"(anonymous_1)","decl":{"start":{"line":13,"column":2},"end":{"line":13,"column":3}},"loc":{"start":{"line":13,"column":22},"end":{"line":15,"column":3}},"line":13},"2":{"name":"(anonymous_2)","decl":{"start":{"line":17,"column":2},"end":{"line":17,"column":3}},"loc":{"start":{"line":17,"column":21},"end":{"line":19,"column":3}},"line":17},"3":{"name":"(anonymous_3)","decl":{"start":{"line":21,"column":2},"end":{"line":21,"column":3}},"loc":{"start":{"line":21,"column":28},"end":{"line":23,"column":3}},"line":21},"4":{"name":"(anonymous_4)","decl":{"start":{"line":25,"column":2},"end":{"line":25,"column":3}},"loc":{"start":{"line":25,"column":36},"end":{"line":27,"column":3}},"line":25},"5":{"name":"(anonymous_5)","decl":{"start":{"line":29,"column":2},"end":{"line":29,"column":3}},"loc":{"start":{"line":29,"column":34},"end":{"line":31,"column":3}},"line":29},"6":{"name":"(anonymous_6)","decl":{"start":{"line":33,"column":2},"end":{"line":33,"column":3}},"loc":{"start":{"line":43,"column":4},"end":{"line":61,"column":3}},"line":43},"7":{"name":"(anonymous_7)","decl":{"start":{"line":63,"column":2},"end":{"line":63,"column":3}},"loc":{"start":{"line":63,"column":39},"end":{"line":77,"column":3}},"line":63},"8":{"name":"(anonymous_8)","decl":{"start":{"line":71,"column":6},"end":{"line":71,"column":7}},"loc":{"start":{"line":71,"column":15},"end":{"line":71,"column":32}},"line":71},"9":{"name":"(anonymous_9)","decl":{"start":{"line":79,"column":2},"end":{"line":79,"column":3}},"loc":{"start":{"line":79,"column":13},"end":{"line":82,"column":3}},"line":79}},"branchMap":{"0":{"loc":{"start":{"line":52,"column":4},"end":{"line":54,"column":5}},"type":"if","locations":[{"start":{"line":52,"column":4},"end":{"line":54,"column":5}},{"start":{},"end":{}}],"line":52},"1":{"loc":{"start":{"line":65,"column":4},"end":{"line":69,"column":5}},"type":"if","locations":[{"start":{"line":65,"column":4},"end":{"line":69,"column":5}},{"start":{},"end":{}}],"line":65}},"s":{"0":3,"1":3,"2":1,"3":1,"4":1,"5":1,"6":1,"7":1,"8":12,"9":12,"10":1,"11":11,"12":11,"13":11,"14":11,"15":11,"16":11,"17":2,"18":2,"19":1,"20":1,"21":1,"22":1,"23":1,"24":1,"25":1,"26":16,"27":16,"28":3},"f":{"0":1,"1":1,"2":1,"3":1,"4":1,"5":1,"6":12,"7":2,"8":1,"9":16},"b":{"0":[1,11],"1":[1,1]},"_coverageSchema":"1a1c01bbd47fc00a2c39e90264f33305004495a9","hash":"e8f1db3f6901711de4ec8a8052100675234da100"}
,"C:\\Users\\andre\\Documents\\GitHub\\Imersão JavaScript\\projeto-conexao-2\\Pessoa\\Pessoa.js": {"path":"C:\\Users\\andre\\Documents\\GitHub\\Imersão JavaScript\\projeto-conexao-2\\Pessoa\\Pessoa.js","statementMap":{"0":{"start":{"line":4,"column":28},"end":{"line":4,"column":30}},"1":{"start":{"line":5,"column":32},"end":{"line":5,"column":34}},"2":{"start":{"line":8,"column":4},"end":{"line":8,"column":34}},"3":{"start":{"line":12,"column":4},"end":{"line":12,"column":26}},"4":{"start":{"line":16,"column":4},"end":{"line":16,"column":46}},"5":{"start":{"line":20,"column":4},"end":{"line":20,"column":30}},"6":{"start":{"line":24,"column":25},"end":{"line":24,"column":77}},"7":{"start":{"line":25,"column":4},"end":{"line":27,"column":5}},"8":{"start":{"line":26,"column":6},"end":{"line":26,"column":51}},"9":{"start":{"line":38,"column":4},"end":{"line":40,"column":5}},"10":{"start":{"line":39,"column":6},"end":{"line":39,"column":56}},"11":{"start":{"line":41,"column":4},"end":{"line":41,"column":42}},"12":{"start":{"line":42,"column":4},"end":{"line":42,"column":21}},"13":{"start":{"line":43,"column":4},"end":{"line":43,"column":46}},"14":{"start":{"line":44,"column":4},"end":{"line":44,"column":30}},"15":{"start":{"line":45,"column":4},"end":{"line":45,"column":25}},"16":{"start":{"line":46,"column":4},"end":{"line":46,"column":37}},"17":{"start":{"line":47,"column":4},"end":{"line":47,"column":37}},"18":{"start":{"line":51,"column":4},"end":{"line":94,"column":5}},"19":{"start":{"line":52,"column":6},"end":{"line":72,"column":7}},"20":{"start":{"line":54,"column":28},"end":{"line":57,"column":11}},"21":{"start":{"line":56,"column":14},"end":{"line":56,"column":80}},"22":{"start":{"line":58,"column":10},"end":{"line":60,"column":11}},"23":{"start":{"line":59,"column":12},"end":{"line":59,"column":62}},"24":{"start":{"line":61,"column":10},"end":{"line":61,"column":27}},"25":{"start":{"line":63,"column":30},"end":{"line":67,"column":11}},"26":{"start":{"line":65,"column":14},"end":{"line":66,"column":44}},"27":{"start":{"line":68,"column":10},"end":{"line":70,"column":11}},"28":{"start":{"line":69,"column":12},"end":{"line":69,"column":63}},"29":{"start":{"line":71,"column":10},"end":{"line":71,"column":29}},"30":{"start":{"line":73,"column":11},"end":{"line":94,"column":5}},"31":{"start":{"line":74,"column":6},"end":{"line":93,"column":7}},"32":{"start":{"line":76,"column":28},"end":{"line":79,"column":11}},"33":{"start":{"line":78,"column":14},"end":{"line":78,"column":76}},"34":{"start":{"line":80,"column":10},"end":{"line":82,"column":11}},"35":{"start":{"line":81,"column":12},"end":{"line":81,"column":62}},"36":{"start":{"line":83,"column":10},"end":{"line":83,"column":27}},"37":{"start":{"line":85,"column":30},"end":{"line":88,"column":11}},"38":{"start":{"line":87,"column":14},"end":{"line":87,"column":78}},"39":{"start":{"line":89,"column":10},"end":{"line":91,"column":11}},"40":{"start":{"line":90,"column":12},"end":{"line":90,"column":59}},"41":{"start":{"line":92,"column":10},"end":{"line":92,"column":29}},"42":{"start":{"line":98,"column":0},"end":{"line":98,"column":24}}},"fnMap":{"0":{"name":"(anonymous_0)","decl":{"start":{"line":7,"column":2},"end":{"line":7,"column":3}},"loc":{"start":{"line":7,"column":24},"end":{"line":9,"column":3}},"line":7},"1":{"name":"(anonymous_1)","decl":{"start":{"line":11,"column":2},"end":{"line":11,"column":3}},"loc":{"start":{"line":11,"column":16},"end":{"line":13,"column":3}},"line":11},"2":{"name":"(anonymous_2)","decl":{"start":{"line":15,"column":2},"end":{"line":15,"column":3}},"loc":{"start":{"line":15,"column":40},"end":{"line":17,"column":3}},"line":15},"3":{"name":"(anonymous_3)","decl":{"start":{"line":19,"column":2},"end":{"line":19,"column":3}},"loc":{"start":{"line":19,"column":24},"end":{"line":21,"column":3}},"line":19},"4":{"name":"(anonymous_4)","decl":{"start":{"line":23,"column":2},"end":{"line":23,"column":3}},"loc":{"start":{"line":23,"column":35},"end":{"line":28,"column":3}},"line":23},"5":{"name":"(anonymous_5)","decl":{"start":{"line":30,"column":2},"end":{"line":30,"column":3}},"loc":{"start":{"line":37,"column":4},"end":{"line":48,"column":3}},"line":37},"6":{"name":"(anonymous_6)","decl":{"start":{"line":50,"column":2},"end":{"line":50,"column":3}},"loc":{"start":{"line":50,"column":60},"end":{"line":95,"column":3}},"line":50},"7":{"name":"(anonymous_7)","decl":{"start":{"line":55,"column":12},"end":{"line":55,"column":13}},"loc":{"start":{"line":56,"column":14},"end":{"line":56,"column":80}},"line":56},"8":{"name":"(anonymous_8)","decl":{"start":{"line":64,"column":12},"end":{"line":64,"column":13}},"loc":{"start":{"line":65,"column":14},"end":{"line":66,"column":44}},"line":65},"9":{"name":"(anonymous_9)","decl":{"start":{"line":77,"column":12},"end":{"line":77,"column":13}},"loc":{"start":{"line":78,"column":14},"end":{"line":78,"column":76}},"line":78},"10":{"name":"(anonymous_10)","decl":{"start":{"line":86,"column":12},"end":{"line":86,"column":13}},"loc":{"start":{"line":87,"column":14},"end":{"line":87,"column":78}},"line":87}},"branchMap":{"0":{"loc":{"start":{"line":25,"column":4},"end":{"line":27,"column":5}},"type":"if","locations":[{"start":{"line":25,"column":4},"end":{"line":27,"column":5}},{"start":{},"end":{}}],"line":25},"1":{"loc":{"start":{"line":38,"column":4},"end":{"line":40,"column":5}},"type":"if","locations":[{"start":{"line":38,"column":4},"end":{"line":40,"column":5}},{"start":{},"end":{}}],"line":38},"2":{"loc":{"start":{"line":51,"column":4},"end":{"line":94,"column":5}},"type":"if","locations":[{"start":{"line":51,"column":4},"end":{"line":94,"column":5}},{"start":{"line":73,"column":11},"end":{"line":94,"column":5}}],"line":51},"3":{"loc":{"start":{"line":52,"column":6},"end":{"line":72,"column":7}},"type":"switch","locations":[{"start":{"line":53,"column":8},"end":{"line":61,"column":27}},{"start":{"line":62,"column":8},"end":{"line":71,"column":29}}],"line":52},"4":{"loc":{"start":{"line":58,"column":10},"end":{"line":60,"column":11}},"type":"if","locations":[{"start":{"line":58,"column":10},"end":{"line":60,"column":11}},{"start":{},"end":{}}],"line":58},"5":{"loc":{"start":{"line":68,"column":10},"end":{"line":70,"column":11}},"type":"if","locations":[{"start":{"line":68,"column":10},"end":{"line":70,"column":11}},{"start":{},"end":{}}],"line":68},"6":{"loc":{"start":{"line":73,"column":11},"end":{"line":94,"column":5}},"type":"if","locations":[{"start":{"line":73,"column":11},"end":{"line":94,"column":5}},{"start":{},"end":{}}],"line":73},"7":{"loc":{"start":{"line":74,"column":6},"end":{"line":93,"column":7}},"type":"switch","locations":[{"start":{"line":75,"column":8},"end":{"line":83,"column":27}},{"start":{"line":84,"column":8},"end":{"line":92,"column":29}}],"line":74},"8":{"loc":{"start":{"line":80,"column":10},"end":{"line":82,"column":11}},"type":"if","locations":[{"start":{"line":80,"column":10},"end":{"line":82,"column":11}},{"start":{},"end":{}}],"line":80},"9":{"loc":{"start":{"line":89,"column":10},"end":{"line":91,"column":11}},"type":"if","locations":[{"start":{"line":89,"column":10},"end":{"line":91,"column":11}},{"start":{},"end":{}}],"line":89}},"s":{"0":3,"1":3,"2":1,"3":1,"4":1,"5":1,"6":28,"7":28,"8":1,"9":29,"10":1,"11":28,"12":27,"13":27,"14":27,"15":27,"16":27,"17":27,"18":8,"19":4,"20":2,"21":2,"22":2,"23":1,"24":1,"25":2,"26":2,"27":2,"28":1,"29":1,"30":4,"31":4,"32":2,"33":2,"34":2,"35":1,"36":1,"37":2,"38":2,"39":2,"40":1,"41":1,"42":3},"f":{"0":1,"1":1,"2":1,"3":1,"4":28,"5":29,"6":8,"7":2,"8":2,"9":2,"10":2},"b":{"0":[1,27],"1":[1,28],"2":[4,4],"3":[2,2],"4":[1,1],"5":[1,1],"6":[4,0],"7":[2,2],"8":[1,1],"9":[1,1]},"_coverageSchema":"1a1c01bbd47fc00a2c39e90264f33305004495a9","hash":"3d4c21b6a117e0cd148c2eef9d77c39a62e7b8e3"}
,"C:\\Users\\andre\\Documents\\GitHub\\Imersão JavaScript\\projeto-conexao-2\\Profissional\\Profissional.js": {"path":"C:\\Users\\andre\\Documents\\GitHub\\Imersão JavaScript\\projeto-conexao-2\\Profissional\\Profissional.js","statementMap":{"0":{"start":{"line":1,"column":15},"end":{"line":1,"column":42}},"1":{"start":{"line":2,"column":15},"end":{"line":2,"column":42}},"2":{"start":{"line":15,"column":4},"end":{"line":22,"column":6}},"3":{"start":{"line":23,"column":4},"end":{"line":25,"column":5}},"4":{"start":{"line":24,"column":6},"end":{"line":24,"column":77}},"5":{"start":{"line":26,"column":4},"end":{"line":26,"column":49}},"6":{"start":{"line":27,"column":4},"end":{"line":27,"column":39}},"7":{"start":{"line":28,"column":19},"end":{"line":28,"column":31}},"8":{"start":{"line":29,"column":4},"end":{"line":29,"column":25}},"9":{"start":{"line":30,"column":4},"end":{"line":30,"column":43}},"10":{"start":{"line":36,"column":18},"end":{"line":38,"column":5}},"11":{"start":{"line":37,"column":20},"end":{"line":37,"column":50}},"12":{"start":{"line":39,"column":4},"end":{"line":41,"column":5}},"13":{"start":{"line":40,"column":6},"end":{"line":40,"column":71}},"14":{"start":{"line":42,"column":24},"end":{"line":42,"column":50}},"15":{"start":{"line":43,"column":28},"end":{"line":43,"column":76}},"16":{"start":{"line":44,"column":4},"end":{"line":46,"column":5}},"17":{"start":{"line":45,"column":6},"end":{"line":45,"column":48}},"18":{"start":{"line":47,"column":4},"end":{"line":47,"column":67}},"19":{"start":{"line":48,"column":21},"end":{"line":50,"column":5}},"20":{"start":{"line":49,"column":20},"end":{"line":49,"column":50}},"21":{"start":{"line":51,"column":20},"end":{"line":51,"column":29}},"22":{"start":{"line":52,"column":4},"end":{"line":52,"column":62}},"23":{"start":{"line":53,"column":4},"end":{"line":53,"column":51}},"24":{"start":{"line":57,"column":24},"end":{"line":57,"column":50}},"25":{"start":{"line":58,"column":25},"end":{"line":58,"column":71}},"26":{"start":{"line":59,"column":4},"end":{"line":61,"column":5}},"27":{"start":{"line":60,"column":6},"end":{"line":60,"column":72}},"28":{"start":{"line":62,"column":21},"end":{"line":64,"column":5}},"29":{"start":{"line":63,"column":16},"end":{"line":63,"column":42}},"30":{"start":{"line":65,"column":26},"end":{"line":65,"column":89}},"31":{"start":{"line":66,"column":4},"end":{"line":66,"column":54}},"32":{"start":{"line":67,"column":4},"end":{"line":67,"column":64}},"33":{"start":{"line":68,"column":4},"end":{"line":68,"column":45}},"34":{"start":{"line":72,"column":16},"end":{"line":72,"column":57}},"35":{"start":{"line":73,"column":4},"end":{"line":73,"column":49}},"36":{"start":{"line":77,"column":0},"end":{"line":77,"column":30}}},"fnMap":{"0":{"name":"(anonymous_0)","decl":{"start":{"line":5,"column":2},"end":{"line":5,"column":3}},"loc":{"start":{"line":14,"column":4},"end":{"line":31,"column":3}},"line":14},"1":{"name":"(anonymous_1)","decl":{"start":{"line":35,"column":2},"end":{"line":35,"column":3}},"loc":{"start":{"line":35,"column":48},"end":{"line":54,"column":3}},"line":35},"2":{"name":"(anonymous_2)","decl":{"start":{"line":37,"column":6},"end":{"line":37,"column":7}},"loc":{"start":{"line":37,"column":20},"end":{"line":37,"column":50}},"line":37},"3":{"name":"(anonymous_3)","decl":{"start":{"line":49,"column":6},"end":{"line":49,"column":7}},"loc":{"start":{"line":49,"column":20},"end":{"line":49,"column":50}},"line":49},"4":{"name":"(anonymous_4)","decl":{"start":{"line":56,"column":2},"end":{"line":56,"column":3}},"loc":{"start":{"line":56,"column":33},"end":{"line":69,"column":3}},"line":56},"5":{"name":"(anonymous_5)","decl":{"start":{"line":63,"column":6},"end":{"line":63,"column":7}},"loc":{"start":{"line":63,"column":16},"end":{"line":63,"column":42}},"line":63},"6":{"name":"(anonymous_6)","decl":{"start":{"line":71,"column":2},"end":{"line":71,"column":3}},"loc":{"start":{"line":71,"column":13},"end":{"line":74,"column":3}},"line":71}},"branchMap":{"0":{"loc":{"start":{"line":23,"column":4},"end":{"line":25,"column":5}},"type":"if","locations":[{"start":{"line":23,"column":4},"end":{"line":25,"column":5}},{"start":{},"end":{}}],"line":23},"1":{"loc":{"start":{"line":39,"column":4},"end":{"line":41,"column":5}},"type":"if","locations":[{"start":{"line":39,"column":4},"end":{"line":41,"column":5}},{"start":{},"end":{}}],"line":39},"2":{"loc":{"start":{"line":44,"column":4},"end":{"line":46,"column":5}},"type":"if","locations":[{"start":{"line":44,"column":4},"end":{"line":46,"column":5}},{"start":{},"end":{}}],"line":44},"3":{"loc":{"start":{"line":59,"column":4},"end":{"line":61,"column":5}},"type":"if","locations":[{"start":{"line":59,"column":4},"end":{"line":61,"column":5}},{"start":{},"end":{}}],"line":59}},"s":{"0":3,"1":3,"2":13,"3":13,"4":1,"5":12,"6":12,"7":12,"8":12,"9":12,"10":7,"11":6,"12":7,"13":1,"14":6,"15":6,"16":6,"17":1,"18":5,"19":5,"20":5,"21":5,"22":5,"23":5,"24":2,"25":2,"26":2,"27":1,"28":1,"29":1,"30":1,"31":1,"32":1,"33":1,"34":17,"35":17,"36":3},"f":{"0":13,"1":7,"2":6,"3":5,"4":2,"5":1,"6":17},"b":{"0":[1,12],"1":[1,6],"2":[1,5],"3":[1,1]},"_coverageSchema":"1a1c01bbd47fc00a2c39e90264f33305004495a9","hash":"674880d9b7c6733e874a21dfcd67db9fd5ac420c"}
}
