{"C:\\Users\\andre\\Documents\\GitHub\\Imersão JavaScript\\projeto-conexao-2\\Paciente\\Paciente.js": {"path":"C:\\Users\\andre\\Documents\\GitHub\\Imersão JavaScript\\projeto-conexao-2\\Paciente\\Paciente.js","statementMap":{"0":{"start":{"line":1,"column":15},"end":{"line":1,"column":42}},"1":{"start":{"line":2,"column":21},"end":{"line":2,"column":60}},"2":{"start":{"line":10,"column":4},"end":{"line":10,"column":28}},"3":{"start":{"line":14,"column":4},"end":{"line":14,"column":32}},"4":{"start":{"line":18,"column":4},"end":{"line":18,"column":31}},"5":{"start":{"line":32,"column":4},"end":{"line":39,"column":6}},"6":{"start":{"line":40,"column":4},"end":{"line":42,"column":5}},"7":{"start":{"line":41,"column":6},"end":{"line":41,"column":49}},"8":{"start":{"line":43,"column":4},"end":{"line":43,"column":34}},"9":{"start":{"line":44,"column":4},"end":{"line":44,"column":42}},"10":{"start":{"line":45,"column":4},"end":{"line":45,"column":40}},"11":{"start":{"line":46,"column":4},"end":{"line":46,"column":32}},"12":{"start":{"line":47,"column":4},"end":{"line":47,"column":39}},"13":{"start":{"line":51,"column":29},"end":{"line":56,"column":5}},"14":{"start":{"line":53,"column":8},"end":{"line":55,"column":40}},"15":{"start":{"line":57,"column":4},"end":{"line":61,"column":5}},"16":{"start":{"line":58,"column":6},"end":{"line":60,"column":8}},"17":{"start":{"line":62,"column":27},"end":{"line":64,"column":5}},"18":{"start":{"line":63,"column":18},"end":{"line":63,"column":38}},"19":{"start":{"line":65,"column":24},"end":{"line":67,"column":5}},"20":{"start":{"line":66,"column":22},"end":{"line":66,"column":44}},"21":{"start":{"line":68,"column":4},"end":{"line":68,"column":68}},"22":{"start":{"line":69,"column":4},"end":{"line":69,"column":55}},"23":{"start":{"line":70,"column":4},"end":{"line":70,"column":45}},"24":{"start":{"line":74,"column":16},"end":{"line":74,"column":53}},"25":{"start":{"line":75,"column":4},"end":{"line":75,"column":45}},"26":{"start":{"line":79,"column":0},"end":{"line":79,"column":26}}},"fnMap":{"0":{"name":"(anonymous_0)","decl":{"start":{"line":9,"column":2},"end":{"line":9,"column":3}},"loc":{"start":{"line":9,"column":22},"end":{"line":11,"column":3}},"line":9},"1":{"name":"(anonymous_1)","decl":{"start":{"line":13,"column":2},"end":{"line":13,"column":3}},"loc":{"start":{"line":13,"column":26},"end":{"line":15,"column":3}},"line":13},"2":{"name":"(anonymous_2)","decl":{"start":{"line":17,"column":2},"end":{"line":17,"column":3}},"loc":{"start":{"line":17,"column":25},"end":{"line":19,"column":3}},"line":17},"3":{"name":"(anonymous_3)","decl":{"start":{"line":21,"column":2},"end":{"line":21,"column":3}},"loc":{"start":{"line":31,"column":4},"end":{"line":48,"column":3}},"line":31},"4":{"name":"(anonymous_4)","decl":{"start":{"line":50,"column":2},"end":{"line":50,"column":3}},"loc":{"start":{"line":50,"column":39},"end":{"line":71,"column":3}},"line":50},"5":{"name":"(anonymous_5)","decl":{"start":{"line":52,"column":6},"end":{"line":52,"column":7}},"loc":{"start":{"line":53,"column":8},"end":{"line":55,"column":40}},"line":53},"6":{"name":"(anonymous_6)","decl":{"start":{"line":63,"column":6},"end":{"line":63,"column":7}},"loc":{"start":{"line":63,"column":18},"end":{"line":63,"column":38}},"line":63},"7":{"name":"(anonymous_7)","decl":{"start":{"line":66,"column":6},"end":{"line":66,"column":7}},"loc":{"start":{"line":66,"column":22},"end":{"line":66,"column":44}},"line":66},"8":{"name":"(anonymous_8)","decl":{"start":{"line":73,"column":2},"end":{"line":73,"column":3}},"loc":{"start":{"line":73,"column":13},"end":{"line":76,"column":3}},"line":73}},"branchMap":{"0":{"loc":{"start":{"line":40,"column":4},"end":{"line":42,"column":5}},"type":"if","locations":[{"start":{"line":40,"column":4},"end":{"line":42,"column":5}},{"start":{},"end":{}}],"line":40},"1":{"loc":{"start":{"line":53,"column":8},"end":{"line":55,"column":40}},"type":"binary-expr","locations":[{"start":{"line":53,"column":8},"end":{"line":53,"column":30}},{"start":{"line":54,"column":8},"end":{"line":54,"column":38}},{"start":{"line":55,"column":8},"end":{"line":55,"column":40}}],"line":53},"2":{"loc":{"start":{"line":57,"column":4},"end":{"line":61,"column":5}},"type":"if","locations":[{"start":{"line":57,"column":4},"end":{"line":61,"column":5}},{"start":{},"end":{}}],"line":57}},"s":{"0":1,"1":1,"2":0,"3":0,"4":0,"5":3,"6":3,"7":0,"8":3,"9":3,"10":3,"11":3,"12":3,"13":0,"14":0,"15":0,"16":0,"17":0,"18":0,"19":0,"20":0,"21":0,"22":0,"23":0,"24":3,"25":3,"26":1},"f":{"0":0,"1":0,"2":0,"3":3,"4":0,"5":0,"6":0,"7":0,"8":3},"b":{"0":[0,3],"1":[0,0,0],"2":[0,0]},"_coverageSchema":"1a1c01bbd47fc00a2c39e90264f33305004495a9","hash":"a9f75084a5751313c3b669f1f1d8b82499f4f7c8"}
,"C:\\Users\\andre\\Documents\\GitHub\\Imersão JavaScript\\projeto-conexao-2\\Pessoa\\Pessoa.js": {"path":"C:\\Users\\andre\\Documents\\GitHub\\Imersão JavaScript\\projeto-conexao-2\\Pessoa\\Pessoa.js","statementMap":{"0":{"start":{"line":4,"column":28},"end":{"line":4,"column":30}},"1":{"start":{"line":5,"column":32},"end":{"line":5,"column":34}},"2":{"start":{"line":8,"column":4},"end":{"line":8,"column":34}},"3":{"start":{"line":12,"column":4},"end":{"line":12,"column":26}},"4":{"start":{"line":16,"column":4},"end":{"line":16,"column":46}},"5":{"start":{"line":20,"column":4},"end":{"line":20,"column":30}},"6":{"start":{"line":24,"column":25},"end":{"line":24,"column":77}},"7":{"start":{"line":25,"column":4},"end":{"line":27,"column":5}},"8":{"start":{"line":26,"column":6},"end":{"line":26,"column":51}},"9":{"start":{"line":38,"column":4},"end":{"line":40,"column":5}},"10":{"start":{"line":39,"column":6},"end":{"line":39,"column":56}},"11":{"start":{"line":41,"column":4},"end":{"line":41,"column":42}},"12":{"start":{"line":42,"column":4},"end":{"line":42,"column":21}},"13":{"start":{"line":43,"column":4},"end":{"line":43,"column":46}},"14":{"start":{"line":44,"column":4},"end":{"line":44,"column":30}},"15":{"start":{"line":45,"column":4},"end":{"line":45,"column":25}},"16":{"start":{"line":46,"column":4},"end":{"line":46,"column":37}},"17":{"start":{"line":47,"column":4},"end":{"line":47,"column":37}},"18":{"start":{"line":51,"column":4},"end":{"line":94,"column":5}},"19":{"start":{"line":52,"column":6},"end":{"line":72,"column":7}},"20":{"start":{"line":54,"column":28},"end":{"line":57,"column":11}},"21":{"start":{"line":56,"column":14},"end":{"line":56,"column":80}},"22":{"start":{"line":58,"column":10},"end":{"line":60,"column":11}},"23":{"start":{"line":59,"column":12},"end":{"line":59,"column":62}},"24":{"start":{"line":61,"column":10},"end":{"line":61,"column":27}},"25":{"start":{"line":63,"column":30},"end":{"line":67,"column":11}},"26":{"start":{"line":65,"column":14},"end":{"line":66,"column":44}},"27":{"start":{"line":68,"column":10},"end":{"line":70,"column":11}},"28":{"start":{"line":69,"column":12},"end":{"line":69,"column":63}},"29":{"start":{"line":71,"column":10},"end":{"line":71,"column":29}},"30":{"start":{"line":73,"column":11},"end":{"line":94,"column":5}},"31":{"start":{"line":74,"column":6},"end":{"line":93,"column":7}},"32":{"start":{"line":76,"column":28},"end":{"line":79,"column":11}},"33":{"start":{"line":78,"column":14},"end":{"line":78,"column":76}},"34":{"start":{"line":80,"column":10},"end":{"line":82,"column":11}},"35":{"start":{"line":81,"column":12},"end":{"line":81,"column":62}},"36":{"start":{"line":83,"column":10},"end":{"line":83,"column":27}},"37":{"start":{"line":85,"column":30},"end":{"line":88,"column":11}},"38":{"start":{"line":87,"column":14},"end":{"line":87,"column":78}},"39":{"start":{"line":89,"column":10},"end":{"line":91,"column":11}},"40":{"start":{"line":90,"column":12},"end":{"line":90,"column":59}},"41":{"start":{"line":92,"column":10},"end":{"line":92,"column":29}},"42":{"start":{"line":98,"column":0},"end":{"line":98,"column":24}}},"fnMap":{"0":{"name":"(anonymous_0)","decl":{"start":{"line":7,"column":2},"end":{"line":7,"column":3}},"loc":{"start":{"line":7,"column":28},"end":{"line":9,"column":3}},"line":7},"1":{"name":"(anonymous_1)","decl":{"start":{"line":11,"column":2},"end":{"line":11,"column":3}},"loc":{"start":{"line":11,"column":20},"end":{"line":13,"column":3}},"line":11},"2":{"name":"(anonymous_2)","decl":{"start":{"line":15,"column":2},"end":{"line":15,"column":3}},"loc":{"start":{"line":15,"column":44},"end":{"line":17,"column":3}},"line":15},"3":{"name":"(anonymous_3)","decl":{"start":{"line":19,"column":2},"end":{"line":19,"column":3}},"loc":{"start":{"line":19,"column":28},"end":{"line":21,"column":3}},"line":19},"4":{"name":"(anonymous_4)","decl":{"start":{"line":23,"column":2},"end":{"line":23,"column":3}},"loc":{"start":{"line":23,"column":35},"end":{"line":28,"column":3}},"line":23},"5":{"name":"(anonymous_5)","decl":{"start":{"line":30,"column":2},"end":{"line":30,"column":3}},"loc":{"start":{"line":37,"column":4},"end":{"line":48,"column":3}},"line":37},"6":{"name":"(anonymous_6)","decl":{"start":{"line":50,"column":2},"end":{"line":50,"column":3}},"loc":{"start":{"line":50,"column":60},"end":{"line":95,"column":3}},"line":50},"7":{"name":"(anonymous_7)","decl":{"start":{"line":55,"column":12},"end":{"line":55,"column":13}},"loc":{"start":{"line":56,"column":14},"end":{"line":56,"column":80}},"line":56},"8":{"name":"(anonymous_8)","decl":{"start":{"line":64,"column":12},"end":{"line":64,"column":13}},"loc":{"start":{"line":65,"column":14},"end":{"line":66,"column":44}},"line":65},"9":{"name":"(anonymous_9)","decl":{"start":{"line":77,"column":12},"end":{"line":77,"column":13}},"loc":{"start":{"line":78,"column":14},"end":{"line":78,"column":76}},"line":78},"10":{"name":"(anonymous_10)","decl":{"start":{"line":86,"column":12},"end":{"line":86,"column":13}},"loc":{"start":{"line":87,"column":14},"end":{"line":87,"column":78}},"line":87}},"branchMap":{"0":{"loc":{"start":{"line":25,"column":4},"end":{"line":27,"column":5}},"type":"if","locations":[{"start":{"line":25,"column":4},"end":{"line":27,"column":5}},{"start":{},"end":{}}],"line":25},"1":{"loc":{"start":{"line":38,"column":4},"end":{"line":40,"column":5}},"type":"if","locations":[{"start":{"line":38,"column":4},"end":{"line":40,"column":5}},{"start":{},"end":{}}],"line":38},"2":{"loc":{"start":{"line":51,"column":4},"end":{"line":94,"column":5}},"type":"if","locations":[{"start":{"line":51,"column":4},"end":{"line":94,"column":5}},{"start":{"line":73,"column":11},"end":{"line":94,"column":5}}],"line":51},"3":{"loc":{"start":{"line":52,"column":6},"end":{"line":72,"column":7}},"type":"switch","locations":[{"start":{"line":53,"column":8},"end":{"line":61,"column":27}},{"start":{"line":62,"column":8},"end":{"line":71,"column":29}}],"line":52},"4":{"loc":{"start":{"line":58,"column":10},"end":{"line":60,"column":11}},"type":"if","locations":[{"start":{"line":58,"column":10},"end":{"line":60,"column":11}},{"start":{},"end":{}}],"line":58},"5":{"loc":{"start":{"line":68,"column":10},"end":{"line":70,"column":11}},"type":"if","locations":[{"start":{"line":68,"column":10},"end":{"line":70,"column":11}},{"start":{},"end":{}}],"line":68},"6":{"loc":{"start":{"line":73,"column":11},"end":{"line":94,"column":5}},"type":"if","locations":[{"start":{"line":73,"column":11},"end":{"line":94,"column":5}},{"start":{},"end":{}}],"line":73},"7":{"loc":{"start":{"line":74,"column":6},"end":{"line":93,"column":7}},"type":"switch","locations":[{"start":{"line":75,"column":8},"end":{"line":83,"column":27}},{"start":{"line":84,"column":8},"end":{"line":92,"column":29}}],"line":74},"8":{"loc":{"start":{"line":80,"column":10},"end":{"line":82,"column":11}},"type":"if","locations":[{"start":{"line":80,"column":10},"end":{"line":82,"column":11}},{"start":{},"end":{}}],"line":80},"9":{"loc":{"start":{"line":89,"column":10},"end":{"line":91,"column":11}},"type":"if","locations":[{"start":{"line":89,"column":10},"end":{"line":91,"column":11}},{"start":{},"end":{}}],"line":89}},"s":{"0":1,"1":1,"2":0,"3":0,"4":0,"5":0,"6":10,"7":10,"8":0,"9":10,"10":0,"11":10,"12":10,"13":10,"14":10,"15":10,"16":10,"17":10,"18":0,"19":0,"20":0,"21":0,"22":0,"23":0,"24":0,"25":0,"26":0,"27":0,"28":0,"29":0,"30":0,"31":0,"32":0,"33":0,"34":0,"35":0,"36":0,"37":0,"38":0,"39":0,"40":0,"41":0,"42":1},"f":{"0":0,"1":0,"2":0,"3":0,"4":10,"5":10,"6":0,"7":0,"8":0,"9":0,"10":0},"b":{"0":[0,10],"1":[0,10],"2":[0,0],"3":[0,0],"4":[0,0],"5":[0,0],"6":[0,0],"7":[0,0],"8":[0,0],"9":[0,0]},"_coverageSchema":"1a1c01bbd47fc00a2c39e90264f33305004495a9","hash":"5923038d628b21e1786d670646f868b7fa555f2e"}
,"C:\\Users\\andre\\Documents\\GitHub\\Imersão JavaScript\\projeto-conexao-2\\Profissional\\Profissional.js": {"path":"C:\\Users\\andre\\Documents\\GitHub\\Imersão JavaScript\\projeto-conexao-2\\Profissional\\Profissional.js","statementMap":{"0":{"start":{"line":1,"column":15},"end":{"line":1,"column":42}},"1":{"start":{"line":2,"column":17},"end":{"line":2,"column":48}},"2":{"start":{"line":15,"column":4},"end":{"line":22,"column":6}},"3":{"start":{"line":23,"column":4},"end":{"line":25,"column":5}},"4":{"start":{"line":24,"column":6},"end":{"line":24,"column":77}},"5":{"start":{"line":26,"column":4},"end":{"line":26,"column":49}},"6":{"start":{"line":27,"column":4},"end":{"line":27,"column":39}},"7":{"start":{"line":28,"column":4},"end":{"line":84,"column":6}},"8":{"start":{"line":85,"column":4},"end":{"line":85,"column":43}},"9":{"start":{"line":89,"column":24},"end":{"line":91,"column":5}},"10":{"start":{"line":90,"column":22},"end":{"line":90,"column":44}},"11":{"start":{"line":92,"column":4},"end":{"line":92,"column":23}},"12":{"start":{"line":96,"column":18},"end":{"line":98,"column":5}},"13":{"start":{"line":97,"column":20},"end":{"line":97,"column":50}},"14":{"start":{"line":99,"column":4},"end":{"line":101,"column":5}},"15":{"start":{"line":100,"column":6},"end":{"line":100,"column":71}},"16":{"start":{"line":102,"column":24},"end":{"line":102,"column":43}},"17":{"start":{"line":103,"column":28},"end":{"line":103,"column":69}},"18":{"start":{"line":104,"column":4},"end":{"line":106,"column":5}},"19":{"start":{"line":105,"column":6},"end":{"line":105,"column":48}},"20":{"start":{"line":107,"column":4},"end":{"line":107,"column":61}},"21":{"start":{"line":108,"column":28},"end":{"line":112,"column":5}},"22":{"start":{"line":113,"column":21},"end":{"line":115,"column":5}},"23":{"start":{"line":114,"column":20},"end":{"line":114,"column":50}},"24":{"start":{"line":116,"column":4},"end":{"line":116,"column":53}},"25":{"start":{"line":117,"column":4},"end":{"line":117,"column":51}},"26":{"start":{"line":121,"column":24},"end":{"line":121,"column":43}},"27":{"start":{"line":122,"column":25},"end":{"line":122,"column":66}},"28":{"start":{"line":123,"column":4},"end":{"line":125,"column":5}},"29":{"start":{"line":124,"column":6},"end":{"line":124,"column":72}},"30":{"start":{"line":126,"column":21},"end":{"line":128,"column":5}},"31":{"start":{"line":127,"column":16},"end":{"line":127,"column":42}},"32":{"start":{"line":129,"column":26},"end":{"line":131,"column":5}},"33":{"start":{"line":130,"column":22},"end":{"line":130,"column":44}},"34":{"start":{"line":132,"column":4},"end":{"line":132,"column":56}},"35":{"start":{"line":133,"column":4},"end":{"line":133,"column":58}},"36":{"start":{"line":134,"column":4},"end":{"line":134,"column":45}},"37":{"start":{"line":138,"column":16},"end":{"line":138,"column":57}},"38":{"start":{"line":139,"column":4},"end":{"line":139,"column":49}},"39":{"start":{"line":143,"column":0},"end":{"line":143,"column":30}}},"fnMap":{"0":{"name":"(anonymous_0)","decl":{"start":{"line":5,"column":2},"end":{"line":5,"column":3}},"loc":{"start":{"line":14,"column":4},"end":{"line":86,"column":3}},"line":14},"1":{"name":"(anonymous_1)","decl":{"start":{"line":88,"column":2},"end":{"line":88,"column":3}},"loc":{"start":{"line":88,"column":17},"end":{"line":93,"column":3}},"line":88},"2":{"name":"(anonymous_2)","decl":{"start":{"line":90,"column":6},"end":{"line":90,"column":7}},"loc":{"start":{"line":90,"column":22},"end":{"line":90,"column":44}},"line":90},"3":{"name":"(anonymous_3)","decl":{"start":{"line":95,"column":2},"end":{"line":95,"column":3}},"loc":{"start":{"line":95,"column":48},"end":{"line":118,"column":3}},"line":95},"4":{"name":"(anonymous_4)","decl":{"start":{"line":97,"column":6},"end":{"line":97,"column":7}},"loc":{"start":{"line":97,"column":20},"end":{"line":97,"column":50}},"line":97},"5":{"name":"(anonymous_5)","decl":{"start":{"line":114,"column":6},"end":{"line":114,"column":7}},"loc":{"start":{"line":114,"column":20},"end":{"line":114,"column":50}},"line":114},"6":{"name":"(anonymous_6)","decl":{"start":{"line":120,"column":2},"end":{"line":120,"column":3}},"loc":{"start":{"line":120,"column":33},"end":{"line":135,"column":3}},"line":120},"7":{"name":"(anonymous_7)","decl":{"start":{"line":127,"column":6},"end":{"line":127,"column":7}},"loc":{"start":{"line":127,"column":16},"end":{"line":127,"column":42}},"line":127},"8":{"name":"(anonymous_8)","decl":{"start":{"line":130,"column":6},"end":{"line":130,"column":7}},"loc":{"start":{"line":130,"column":22},"end":{"line":130,"column":44}},"line":130},"9":{"name":"(anonymous_9)","decl":{"start":{"line":137,"column":2},"end":{"line":137,"column":3}},"loc":{"start":{"line":137,"column":13},"end":{"line":140,"column":3}},"line":137}},"branchMap":{"0":{"loc":{"start":{"line":23,"column":4},"end":{"line":25,"column":5}},"type":"if","locations":[{"start":{"line":23,"column":4},"end":{"line":25,"column":5}},{"start":{},"end":{}}],"line":23},"1":{"loc":{"start":{"line":99,"column":4},"end":{"line":101,"column":5}},"type":"if","locations":[{"start":{"line":99,"column":4},"end":{"line":101,"column":5}},{"start":{},"end":{}}],"line":99},"2":{"loc":{"start":{"line":104,"column":4},"end":{"line":106,"column":5}},"type":"if","locations":[{"start":{"line":104,"column":4},"end":{"line":106,"column":5}},{"start":{},"end":{}}],"line":104},"3":{"loc":{"start":{"line":123,"column":4},"end":{"line":125,"column":5}},"type":"if","locations":[{"start":{"line":123,"column":4},"end":{"line":125,"column":5}},{"start":{},"end":{}}],"line":123}},"s":{"0":1,"1":1,"2":7,"3":7,"4":1,"5":6,"6":6,"7":6,"8":6,"9":6,"10":6,"11":6,"12":5,"13":4,"14":5,"15":1,"16":4,"17":4,"18":4,"19":1,"20":3,"21":3,"22":3,"23":3,"24":3,"25":3,"26":2,"27":2,"28":2,"29":1,"30":1,"31":1,"32":1,"33":1,"34":1,"35":1,"36":1,"37":6,"38":6,"39":1},"f":{"0":7,"1":6,"2":6,"3":5,"4":4,"5":3,"6":2,"7":1,"8":1,"9":6},"b":{"0":[1,6],"1":[1,4],"2":[1,3],"3":[1,1]},"_coverageSchema":"1a1c01bbd47fc00a2c39e90264f33305004495a9","hash":"a381a7c772661febd6415550dd5262373530d00c"}
}
