TN:
SF:Agenda\Agenda.js
FN:60,(anonymous_0)
FN:62,(anonymous_1)
FN:67,(anonymous_2)
FN:71,(anonymous_3)
FNF:4
FNH:4
FNDA:11,(anonymous_0)
FNDA:15,(anonymous_1)
FNDA:7,(anonymous_2)
FNDA:8,(anonymous_3)
DA:2,17
DA:61,11
DA:62,15
DA:64,11
DA:68,7
DA:72,8
DA:77,4
LF:7
LH:7
BRF:0
BRH:0
end_of_record
TN:
SF:Consultas\Consultas.js
FN:4,(anonymous_0)
FN:13,(anonymous_1)
FN:15,(anonymous_2)
FN:23,(anonymous_3)
FNF:4
FNH:4
FNDA:8,(anonymous_0)
FNDA:4,(anonymous_1)
FNDA:4,(anonymous_2)
FNDA:3,(anonymous_3)
DA:2,15
DA:5,8
DA:10,8
DA:14,4
DA:16,4
DA:20,4
DA:24,3
DA:28,4
LF:8
LH:8
BRDA:16,0,0,4
BRDA:16,0,1,3
BRDA:16,0,2,3
BRF:3
BRH:3
end_of_record
TN:
SF:Paciente\Paciente.js
FN:9,(anonymous_0)
FN:13,(anonymous_1)
FN:17,(anonymous_2)
FN:21,(anonymous_3)
FN:25,(anonymous_4)
FN:29,(anonymous_5)
FN:33,(anonymous_6)
FN:63,(anonymous_7)
FN:71,(anonymous_8)
FN:79,(anonymous_9)
FNF:10
FNH:10
FNDA:1,(anonymous_0)
FNDA:1,(anonymous_1)
FNDA:1,(anonymous_2)
FNDA:1,(anonymous_3)
FNDA:1,(anonymous_4)
FNDA:1,(anonymous_5)
FNDA:12,(anonymous_6)
FNDA:2,(anonymous_7)
FNDA:1,(anonymous_8)
FNDA:16,(anonymous_9)
DA:1,3
DA:2,3
DA:10,1
DA:14,1
DA:18,1
DA:22,1
DA:26,1
DA:30,1
DA:44,12
DA:52,12
DA:53,1
DA:55,11
DA:56,11
DA:57,11
DA:58,11
DA:59,11
DA:60,11
DA:64,2
DA:65,2
DA:66,1
DA:70,1
DA:71,1
DA:73,1
DA:74,1
DA:75,1
DA:76,1
DA:80,16
DA:81,16
DA:85,3
LF:29
LH:29
BRDA:52,0,0,1
BRDA:52,0,1,11
BRDA:65,1,0,1
BRDA:65,1,1,1
BRF:4
BRH:4
end_of_record
TN:
SF:Pessoa\Pessoa.js
FN:7,(anonymous_0)
FN:11,(anonymous_1)
FN:15,(anonymous_2)
FN:19,(anonymous_3)
FN:23,(anonymous_4)
FN:30,(anonymous_5)
FN:50,(anonymous_6)
FN:55,(anonymous_7)
FN:64,(anonymous_8)
FN:77,(anonymous_9)
FN:86,(anonymous_10)
FNF:11
FNH:11
FNDA:1,(anonymous_0)
FNDA:1,(anonymous_1)
FNDA:1,(anonymous_2)
FNDA:1,(anonymous_3)
FNDA:28,(anonymous_4)
FNDA:29,(anonymous_5)
FNDA:8,(anonymous_6)
FNDA:2,(anonymous_7)
FNDA:2,(anonymous_8)
FNDA:2,(anonymous_9)
FNDA:2,(anonymous_10)
DA:4,3
DA:5,3
DA:8,1
DA:12,1
DA:16,1
DA:20,1
DA:24,28
DA:25,28
DA:26,1
DA:38,29
DA:39,1
DA:41,28
DA:42,27
DA:43,27
DA:44,27
DA:45,27
DA:46,27
DA:47,27
DA:51,8
DA:52,4
DA:54,2
DA:56,2
DA:58,2
DA:59,1
DA:61,1
DA:63,2
DA:65,2
DA:68,2
DA:69,1
DA:71,1
DA:73,4
DA:74,4
DA:76,2
DA:78,2
DA:80,2
DA:81,1
DA:83,1
DA:85,2
DA:87,2
DA:89,2
DA:90,1
DA:92,1
DA:98,3
LF:43
LH:43
BRDA:25,0,0,1
BRDA:25,0,1,27
BRDA:38,1,0,1
BRDA:38,1,1,28
BRDA:51,2,0,4
BRDA:51,2,1,4
BRDA:52,3,0,2
BRDA:52,3,1,2
BRDA:58,4,0,1
BRDA:58,4,1,1
BRDA:68,5,0,1
BRDA:68,5,1,1
BRDA:73,6,0,4
BRDA:73,6,1,0
BRDA:74,7,0,2
BRDA:74,7,1,2
BRDA:80,8,0,1
BRDA:80,8,1,1
BRDA:89,9,0,1
BRDA:89,9,1,1
BRF:20
BRH:19
end_of_record
TN:
SF:Profissional\Profissional.js
FN:5,(anonymous_0)
FN:35,(anonymous_1)
FN:37,(anonymous_2)
FN:49,(anonymous_3)
FN:56,(anonymous_4)
FN:63,(anonymous_5)
FN:71,(anonymous_6)
FNF:7
FNH:7
FNDA:13,(anonymous_0)
FNDA:7,(anonymous_1)
FNDA:6,(anonymous_2)
FNDA:5,(anonymous_3)
FNDA:2,(anonymous_4)
FNDA:1,(anonymous_5)
FNDA:17,(anonymous_6)
DA:1,3
DA:2,3
DA:15,13
DA:23,13
DA:24,1
DA:26,12
DA:27,12
DA:28,12
DA:29,12
DA:30,12
DA:36,7
DA:37,6
DA:39,7
DA:40,1
DA:42,6
DA:43,6
DA:44,6
DA:45,1
DA:47,5
DA:48,5
DA:49,5
DA:51,5
DA:52,5
DA:53,5
DA:57,2
DA:58,2
DA:59,2
DA:60,1
DA:62,1
DA:63,1
DA:65,1
DA:66,1
DA:67,1
DA:68,1
DA:72,17
DA:73,17
DA:77,3
LF:37
LH:37
BRDA:23,0,0,1
BRDA:23,0,1,12
BRDA:39,1,0,1
BRDA:39,1,1,6
BRDA:44,2,0,1
BRDA:44,2,1,5
BRDA:59,3,0,1
BRDA:59,3,1,1
BRF:8
BRH:8
end_of_record
