TN:
SF:Paciente\Paciente.js
FN:9,(anonymous_0)
FN:13,(anonymous_1)
FN:17,(anonymous_2)
FN:21,(anonymous_3)
FN:50,(anonymous_4)
FN:52,(anonymous_5)
FN:63,(anonymous_6)
FN:66,(anonymous_7)
FN:73,(anonymous_8)
FNF:9
FNH:2
FNDA:0,(anonymous_0)
FNDA:0,(anonymous_1)
FNDA:0,(anonymous_2)
FNDA:3,(anonymous_3)
FNDA:0,(anonymous_4)
FNDA:0,(anonymous_5)
FNDA:0,(anonymous_6)
FNDA:0,(anonymous_7)
FNDA:3,(anonymous_8)
DA:1,1
DA:2,1
DA:10,0
DA:14,0
DA:18,0
DA:32,3
DA:40,3
DA:41,0
DA:43,3
DA:44,3
DA:45,3
DA:46,3
DA:47,3
DA:51,0
DA:53,0
DA:57,0
DA:58,0
DA:62,0
DA:63,0
DA:65,0
DA:66,0
DA:68,0
DA:69,0
DA:70,0
DA:74,3
DA:75,3
DA:79,1
LF:27
LH:12
BRDA:40,0,0,0
BRDA:40,0,1,3
BRDA:53,1,0,0
BRDA:53,1,1,0
BRDA:53,1,2,0
BRDA:57,2,0,0
BRDA:57,2,1,0
BRF:7
BRH:1
end_of_record
TN:
SF:Pessoa\Pessoa.js
FN:7,(anonymous_0)
FN:11,(anonymous_1)
FN:15,(anonymous_2)
FN:19,(anonymous_3)
FN:23,(anonymous_4)
FN:30,(anonymous_5)
FN:50,(anonymous_6)
FN:55,(anonymous_7)
FN:64,(anonymous_8)
FN:77,(anonymous_9)
FN:86,(anonymous_10)
FNF:11
FNH:2
FNDA:0,(anonymous_0)
FNDA:0,(anonymous_1)
FNDA:0,(anonymous_2)
FNDA:0,(anonymous_3)
FNDA:10,(anonymous_4)
FNDA:10,(anonymous_5)
FNDA:0,(anonymous_6)
FNDA:0,(anonymous_7)
FNDA:0,(anonymous_8)
FNDA:0,(anonymous_9)
FNDA:0,(anonymous_10)
DA:4,1
DA:5,1
DA:8,0
DA:12,0
DA:16,0
DA:20,0
DA:24,10
DA:25,10
DA:26,0
DA:38,10
DA:39,0
DA:41,10
DA:42,10
DA:43,10
DA:44,10
DA:45,10
DA:46,10
DA:47,10
DA:51,0
DA:52,0
DA:54,0
DA:56,0
DA:58,0
DA:59,0
DA:61,0
DA:63,0
DA:65,0
DA:68,0
DA:69,0
DA:71,0
DA:73,0
DA:74,0
DA:76,0
DA:78,0
DA:80,0
DA:81,0
DA:83,0
DA:85,0
DA:87,0
DA:89,0
DA:90,0
DA:92,0
DA:98,1
LF:43
LH:13
BRDA:25,0,0,0
BRDA:25,0,1,10
BRDA:38,1,0,0
BRDA:38,1,1,10
BRDA:51,2,0,0
BRDA:51,2,1,0
BRDA:52,3,0,0
BRDA:52,3,1,0
BRDA:58,4,0,0
BRDA:58,4,1,0
BRDA:68,5,0,0
BRDA:68,5,1,0
BRDA:73,6,0,0
BRDA:73,6,1,0
BRDA:74,7,0,0
BRDA:74,7,1,0
BRDA:80,8,0,0
BRDA:80,8,1,0
BRDA:89,9,0,0
BRDA:89,9,1,0
BRF:20
BRH:2
end_of_record
TN:
SF:Profissional\Profissional.js
FN:5,(anonymous_0)
FN:88,(anonymous_1)
FN:90,(anonymous_2)
FN:95,(anonymous_3)
FN:97,(anonymous_4)
FN:114,(anonymous_5)
FN:120,(anonymous_6)
FN:127,(anonymous_7)
FN:130,(anonymous_8)
FN:137,(anonymous_9)
FNF:10
FNH:10
FNDA:7,(anonymous_0)
FNDA:6,(anonymous_1)
FNDA:6,(anonymous_2)
FNDA:5,(anonymous_3)
FNDA:4,(anonymous_4)
FNDA:3,(anonymous_5)
FNDA:2,(anonymous_6)
FNDA:1,(anonymous_7)
FNDA:1,(anonymous_8)
FNDA:6,(anonymous_9)
DA:1,1
DA:2,1
DA:15,7
DA:23,7
DA:24,1
DA:26,6
DA:27,6
DA:28,6
DA:85,6
DA:89,6
DA:90,6
DA:92,6
DA:96,5
DA:97,4
DA:99,5
DA:100,1
DA:102,4
DA:103,4
DA:104,4
DA:105,1
DA:107,3
DA:108,3
DA:113,3
DA:114,3
DA:116,3
DA:117,3
DA:121,2
DA:122,2
DA:123,2
DA:124,1
DA:126,1
DA:127,1
DA:129,1
DA:130,1
DA:132,1
DA:133,1
DA:134,1
DA:138,6
DA:139,6
DA:143,1
LF:40
LH:40
BRDA:23,0,0,1
BRDA:23,0,1,6
BRDA:99,1,0,1
BRDA:99,1,1,4
BRDA:104,2,0,1
BRDA:104,2,1,3
BRDA:123,3,0,1
BRDA:123,3,1,1
BRF:8
BRH:8
end_of_record
